<?xml version="1.0" encoding="UTF-8"?>
<!-- Generated by org.testng.reporters.JUnitReportReporter -->
<testsuite hostname="MonkyHomie" failures="0" tests="1" name="ca1.ca1" time="17.057" errors="0" timestamp="2023-05-04T16:39:54 IST" skipped="0">
  <testcase classname="ca1.ca1" name="search" time="17.057"/>
  <system-out/>
</testsuite> <!-- ca1.ca1 -->
