<?xml version="1.0" encoding="UTF-8"?>
<!-- Generated by org.testng.reporters.JUnitReportReporter -->
<testsuite hostname="MonkyHomie" failures="0" tests="1" name="com.day7.Task3" time="9.640" errors="0" timestamp="2023-04-27T14:30:51 IST" skipped="0">
  <testcase classname="com.day7.Task3" name="dotsuff" time="9.640"/>
  <system-out/>
</testsuite> <!-- com.day7.Task3 -->
