<?xml version="1.0" encoding="UTF-8"?>
<!-- Generated by org.testng.reporters.JUnitReportReporter -->
<testsuite hostname="MonkyHomie" failures="0" tests="4" name="com.day7.Task2" time="0.008" errors="0" timestamp="2023-04-27T12:23:22 IST" skipped="0">
  <testcase classname="com.day7.Task2" name="mul" time="0.006"/>
  <system-out/>
  <testcase classname="com.day7.Task2" name="div" time="0.001"/>
  <system-out/>
  <testcase classname="com.day7.Task2" name="add" time="0.001"/>
  <system-out/>
  <testcase classname="com.day7.Task2" name="sub" time="0.000"/>
  <system-out/>
</testsuite> <!-- com.day7.Task2 -->
