<?xml version="1.0" encoding="UTF-8"?>
<!-- Generated by org.testng.reporters.JUnitReportReporter -->
<testsuite hostname="MonkyHomie" failures="0" tests="2" name="com.day7.Task4" time="27.665" errors="0" timestamp="2023-04-27T15:14:09 IST" skipped="0">
  <testcase classname="com.day7.Task4" name="distuff" time="5.297"/>
  <system-out/>
  <testcase classname="com.day7.Task4" name="dotsuff" time="22.368"/>
  <system-out/>
</testsuite> <!-- com.day7.Task4 -->
