<?xml version="1.0" encoding="UTF-8"?>
<!-- Generated by org.testng.reporters.JUnitReportReporter -->
<testsuite hostname="MonkyHomie" failures="0" tests="4" name="Day9.Task1" time="0.016" errors="0" timestamp="2023-05-02T10:19:48 IST" skipped="0">
  <testcase classname="Day9.Task1" name="add" time="0.012"/>
  <system-out/>
  <testcase classname="Day9.Task1" name="mul" time="0.002"/>
  <system-out/>
  <testcase classname="Day9.Task1" name="sub" time="0.001"/>
  <system-out/>
  <testcase classname="Day9.Task1" name="div" time="0.001"/>
  <system-out/>
</testsuite> <!-- Day9.Task1 -->
