<?xml version="1.0" encoding="UTF-8"?>
<!-- Generated by org.testng.reporters.JUnitReportReporter -->
<testsuite hostname="MonkyHomie" failures="0" tests="1" name="day9.Task4" time="24.822" errors="0" timestamp="2023-05-02T14:31:50 IST" skipped="0">
  <testcase classname="day9.Task4" name="Case1" time="24.822"/>
  <system-out/>
</testsuite> <!-- day9.Task4 -->
